[2024-04-06T16:27:24.057+0000] {processor.py:161} INFO - Started process (PID=72) to work on /opt/airflow/dags/download_NASA_API_dags.py
[2024-04-06T16:27:24.058+0000] {processor.py:830} INFO - Processing file /opt/airflow/dags/download_NASA_API_dags.py for tasks to queue
[2024-04-06T16:27:24.060+0000] {logging_mixin.py:188} INFO - [2024-04-06T16:27:24.059+0000] {dagbag.py:540} INFO - Filling up the DagBag from /opt/airflow/dags/download_NASA_API_dags.py
[2024-04-06T16:27:24.624+0000] {logging_mixin.py:188} INFO - [2024-04-06T16:27:24.618+0000] {dagbag.py:350} ERROR - Failed to import: /opt/airflow/dags/download_NASA_API_dags.py
Traceback (most recent call last):
  File "/home/airflow/.local/lib/python3.8/site-packages/airflow/models/dagbag.py", line 346, in parse
    loader.exec_module(new_module)
  File "<frozen importlib._bootstrap_external>", line 843, in exec_module
  File "<frozen importlib._bootstrap>", line 219, in _call_with_frames_removed
  File "/opt/airflow/dags/download_NASA_API_dags.py", line 15, in <module>
    os.makedirs(output_estado_raw, exist_ok=True)
  File "/usr/local/lib/python3.8/os.py", line 213, in makedirs
    makedirs(head, exist_ok=exist_ok)
  File "/usr/local/lib/python3.8/os.py", line 213, in makedirs
    makedirs(head, exist_ok=exist_ok)
  File "/usr/local/lib/python3.8/os.py", line 223, in makedirs
    mkdir(name, mode)
PermissionError: [Errno 13] Permission denied: '/usr/local/airflow'
[2024-04-06T16:27:24.624+0000] {processor.py:842} WARNING - No viable dags retrieved from /opt/airflow/dags/download_NASA_API_dags.py
[2024-04-06T16:27:24.665+0000] {processor.py:183} INFO - Processing /opt/airflow/dags/download_NASA_API_dags.py took 0.611 seconds
[2024-04-06T16:27:55.872+0000] {processor.py:161} INFO - Started process (PID=97) to work on /opt/airflow/dags/download_NASA_API_dags.py
[2024-04-06T16:27:55.874+0000] {processor.py:830} INFO - Processing file /opt/airflow/dags/download_NASA_API_dags.py for tasks to queue
[2024-04-06T16:27:55.875+0000] {logging_mixin.py:188} INFO - [2024-04-06T16:27:55.875+0000] {dagbag.py:540} INFO - Filling up the DagBag from /opt/airflow/dags/download_NASA_API_dags.py
[2024-04-06T16:27:56.583+0000] {logging_mixin.py:188} INFO - [2024-04-06T16:27:56.576+0000] {dagbag.py:350} ERROR - Failed to import: /opt/airflow/dags/download_NASA_API_dags.py
Traceback (most recent call last):
  File "/home/airflow/.local/lib/python3.8/site-packages/airflow/models/dagbag.py", line 346, in parse
    loader.exec_module(new_module)
  File "<frozen importlib._bootstrap_external>", line 843, in exec_module
  File "<frozen importlib._bootstrap>", line 219, in _call_with_frames_removed
  File "/opt/airflow/dags/download_NASA_API_dags.py", line 15, in <module>
    os.makedirs(output_estado_raw, exist_ok=True)
  File "/usr/local/lib/python3.8/os.py", line 213, in makedirs
    makedirs(head, exist_ok=exist_ok)
  File "/usr/local/lib/python3.8/os.py", line 213, in makedirs
    makedirs(head, exist_ok=exist_ok)
  File "/usr/local/lib/python3.8/os.py", line 223, in makedirs
    mkdir(name, mode)
PermissionError: [Errno 13] Permission denied: '/usr/local/airflow'
[2024-04-06T16:27:56.584+0000] {processor.py:842} WARNING - No viable dags retrieved from /opt/airflow/dags/download_NASA_API_dags.py
[2024-04-06T16:27:56.643+0000] {processor.py:183} INFO - Processing /opt/airflow/dags/download_NASA_API_dags.py took 0.774 seconds
[2024-04-06T16:28:26.979+0000] {processor.py:161} INFO - Started process (PID=100) to work on /opt/airflow/dags/download_NASA_API_dags.py
[2024-04-06T16:28:26.980+0000] {processor.py:830} INFO - Processing file /opt/airflow/dags/download_NASA_API_dags.py for tasks to queue
[2024-04-06T16:28:26.982+0000] {logging_mixin.py:188} INFO - [2024-04-06T16:28:26.981+0000] {dagbag.py:540} INFO - Filling up the DagBag from /opt/airflow/dags/download_NASA_API_dags.py
[2024-04-06T16:28:27.687+0000] {logging_mixin.py:188} INFO - [2024-04-06T16:28:27.678+0000] {dagbag.py:350} ERROR - Failed to import: /opt/airflow/dags/download_NASA_API_dags.py
Traceback (most recent call last):
  File "/home/airflow/.local/lib/python3.8/site-packages/airflow/models/dagbag.py", line 346, in parse
    loader.exec_module(new_module)
  File "<frozen importlib._bootstrap_external>", line 843, in exec_module
  File "<frozen importlib._bootstrap>", line 219, in _call_with_frames_removed
  File "/opt/airflow/dags/download_NASA_API_dags.py", line 15, in <module>
    os.makedirs(output_estado_raw, exist_ok=True)
  File "/usr/local/lib/python3.8/os.py", line 213, in makedirs
    makedirs(head, exist_ok=exist_ok)
  File "/usr/local/lib/python3.8/os.py", line 213, in makedirs
    makedirs(head, exist_ok=exist_ok)
  File "/usr/local/lib/python3.8/os.py", line 223, in makedirs
    mkdir(name, mode)
PermissionError: [Errno 13] Permission denied: '/usr/local/airflow'
[2024-04-06T16:28:27.688+0000] {processor.py:842} WARNING - No viable dags retrieved from /opt/airflow/dags/download_NASA_API_dags.py
[2024-04-06T16:28:27.762+0000] {processor.py:183} INFO - Processing /opt/airflow/dags/download_NASA_API_dags.py took 0.788 seconds
[2024-04-06T16:28:58.134+0000] {processor.py:161} INFO - Started process (PID=103) to work on /opt/airflow/dags/download_NASA_API_dags.py
[2024-04-06T16:28:58.136+0000] {processor.py:830} INFO - Processing file /opt/airflow/dags/download_NASA_API_dags.py for tasks to queue
[2024-04-06T16:28:58.138+0000] {logging_mixin.py:188} INFO - [2024-04-06T16:28:58.137+0000] {dagbag.py:540} INFO - Filling up the DagBag from /opt/airflow/dags/download_NASA_API_dags.py
[2024-04-06T16:28:58.867+0000] {logging_mixin.py:188} INFO - [2024-04-06T16:28:58.858+0000] {dagbag.py:350} ERROR - Failed to import: /opt/airflow/dags/download_NASA_API_dags.py
Traceback (most recent call last):
  File "/home/airflow/.local/lib/python3.8/site-packages/airflow/models/dagbag.py", line 346, in parse
    loader.exec_module(new_module)
  File "<frozen importlib._bootstrap_external>", line 843, in exec_module
  File "<frozen importlib._bootstrap>", line 219, in _call_with_frames_removed
  File "/opt/airflow/dags/download_NASA_API_dags.py", line 15, in <module>
    os.makedirs(output_estado_raw, exist_ok=True)
  File "/usr/local/lib/python3.8/os.py", line 213, in makedirs
    makedirs(head, exist_ok=exist_ok)
  File "/usr/local/lib/python3.8/os.py", line 213, in makedirs
    makedirs(head, exist_ok=exist_ok)
  File "/usr/local/lib/python3.8/os.py", line 223, in makedirs
    mkdir(name, mode)
PermissionError: [Errno 13] Permission denied: '/usr/local/airflow'
[2024-04-06T16:28:58.868+0000] {processor.py:842} WARNING - No viable dags retrieved from /opt/airflow/dags/download_NASA_API_dags.py
[2024-04-06T16:28:58.927+0000] {processor.py:183} INFO - Processing /opt/airflow/dags/download_NASA_API_dags.py took 0.797 seconds
[2024-04-06T16:29:29.265+0000] {processor.py:161} INFO - Started process (PID=106) to work on /opt/airflow/dags/download_NASA_API_dags.py
[2024-04-06T16:29:29.267+0000] {processor.py:830} INFO - Processing file /opt/airflow/dags/download_NASA_API_dags.py for tasks to queue
[2024-04-06T16:29:29.268+0000] {logging_mixin.py:188} INFO - [2024-04-06T16:29:29.268+0000] {dagbag.py:540} INFO - Filling up the DagBag from /opt/airflow/dags/download_NASA_API_dags.py
[2024-04-06T16:29:29.976+0000] {logging_mixin.py:188} INFO - [2024-04-06T16:29:29.968+0000] {dagbag.py:350} ERROR - Failed to import: /opt/airflow/dags/download_NASA_API_dags.py
Traceback (most recent call last):
  File "/home/airflow/.local/lib/python3.8/site-packages/airflow/models/dagbag.py", line 346, in parse
    loader.exec_module(new_module)
  File "<frozen importlib._bootstrap_external>", line 843, in exec_module
  File "<frozen importlib._bootstrap>", line 219, in _call_with_frames_removed
  File "/opt/airflow/dags/download_NASA_API_dags.py", line 15, in <module>
    os.makedirs(output_estado_raw, exist_ok=True)
  File "/usr/local/lib/python3.8/os.py", line 213, in makedirs
    makedirs(head, exist_ok=exist_ok)
  File "/usr/local/lib/python3.8/os.py", line 213, in makedirs
    makedirs(head, exist_ok=exist_ok)
  File "/usr/local/lib/python3.8/os.py", line 223, in makedirs
    mkdir(name, mode)
PermissionError: [Errno 13] Permission denied: '/usr/local/airflow'
[2024-04-06T16:29:29.977+0000] {processor.py:842} WARNING - No viable dags retrieved from /opt/airflow/dags/download_NASA_API_dags.py
[2024-04-06T16:29:30.031+0000] {processor.py:183} INFO - Processing /opt/airflow/dags/download_NASA_API_dags.py took 0.768 seconds
[2024-04-06T16:30:00.199+0000] {processor.py:161} INFO - Started process (PID=109) to work on /opt/airflow/dags/download_NASA_API_dags.py
[2024-04-06T16:30:00.201+0000] {processor.py:830} INFO - Processing file /opt/airflow/dags/download_NASA_API_dags.py for tasks to queue
[2024-04-06T16:30:00.202+0000] {logging_mixin.py:188} INFO - [2024-04-06T16:30:00.202+0000] {dagbag.py:540} INFO - Filling up the DagBag from /opt/airflow/dags/download_NASA_API_dags.py
[2024-04-06T16:30:00.887+0000] {logging_mixin.py:188} INFO - [2024-04-06T16:30:00.882+0000] {dagbag.py:350} ERROR - Failed to import: /opt/airflow/dags/download_NASA_API_dags.py
Traceback (most recent call last):
  File "/home/airflow/.local/lib/python3.8/site-packages/airflow/models/dagbag.py", line 346, in parse
    loader.exec_module(new_module)
  File "<frozen importlib._bootstrap_external>", line 843, in exec_module
  File "<frozen importlib._bootstrap>", line 219, in _call_with_frames_removed
  File "/opt/airflow/dags/download_NASA_API_dags.py", line 15, in <module>
    os.makedirs(output_estado_raw, exist_ok=True)
  File "/usr/local/lib/python3.8/os.py", line 213, in makedirs
    makedirs(head, exist_ok=exist_ok)
  File "/usr/local/lib/python3.8/os.py", line 213, in makedirs
    makedirs(head, exist_ok=exist_ok)
  File "/usr/local/lib/python3.8/os.py", line 223, in makedirs
    mkdir(name, mode)
PermissionError: [Errno 13] Permission denied: '/usr/local/airflow'
[2024-04-06T16:30:00.888+0000] {processor.py:842} WARNING - No viable dags retrieved from /opt/airflow/dags/download_NASA_API_dags.py
[2024-04-06T16:30:00.931+0000] {processor.py:183} INFO - Processing /opt/airflow/dags/download_NASA_API_dags.py took 0.734 seconds
[2024-04-06T16:30:31.194+0000] {processor.py:161} INFO - Started process (PID=112) to work on /opt/airflow/dags/download_NASA_API_dags.py
[2024-04-06T16:30:31.196+0000] {processor.py:830} INFO - Processing file /opt/airflow/dags/download_NASA_API_dags.py for tasks to queue
[2024-04-06T16:30:31.198+0000] {logging_mixin.py:188} INFO - [2024-04-06T16:30:31.197+0000] {dagbag.py:540} INFO - Filling up the DagBag from /opt/airflow/dags/download_NASA_API_dags.py
[2024-04-06T16:30:31.906+0000] {logging_mixin.py:188} INFO - [2024-04-06T16:30:31.899+0000] {dagbag.py:350} ERROR - Failed to import: /opt/airflow/dags/download_NASA_API_dags.py
Traceback (most recent call last):
  File "/home/airflow/.local/lib/python3.8/site-packages/airflow/models/dagbag.py", line 346, in parse
    loader.exec_module(new_module)
  File "<frozen importlib._bootstrap_external>", line 843, in exec_module
  File "<frozen importlib._bootstrap>", line 219, in _call_with_frames_removed
  File "/opt/airflow/dags/download_NASA_API_dags.py", line 15, in <module>
    os.makedirs(output_estado_raw, exist_ok=True)
  File "/usr/local/lib/python3.8/os.py", line 213, in makedirs
    makedirs(head, exist_ok=exist_ok)
  File "/usr/local/lib/python3.8/os.py", line 213, in makedirs
    makedirs(head, exist_ok=exist_ok)
  File "/usr/local/lib/python3.8/os.py", line 223, in makedirs
    mkdir(name, mode)
PermissionError: [Errno 13] Permission denied: '/usr/local/airflow'
[2024-04-06T16:30:31.907+0000] {processor.py:842} WARNING - No viable dags retrieved from /opt/airflow/dags/download_NASA_API_dags.py
[2024-04-06T16:30:31.957+0000] {processor.py:183} INFO - Processing /opt/airflow/dags/download_NASA_API_dags.py took 0.770 seconds
[2024-04-06T16:31:02.311+0000] {processor.py:161} INFO - Started process (PID=115) to work on /opt/airflow/dags/download_NASA_API_dags.py
[2024-04-06T16:31:02.312+0000] {processor.py:830} INFO - Processing file /opt/airflow/dags/download_NASA_API_dags.py for tasks to queue
[2024-04-06T16:31:02.314+0000] {logging_mixin.py:188} INFO - [2024-04-06T16:31:02.313+0000] {dagbag.py:540} INFO - Filling up the DagBag from /opt/airflow/dags/download_NASA_API_dags.py
[2024-04-06T16:31:03.005+0000] {logging_mixin.py:188} INFO - [2024-04-06T16:31:02.996+0000] {dagbag.py:350} ERROR - Failed to import: /opt/airflow/dags/download_NASA_API_dags.py
Traceback (most recent call last):
  File "/home/airflow/.local/lib/python3.8/site-packages/airflow/models/dagbag.py", line 346, in parse
    loader.exec_module(new_module)
  File "<frozen importlib._bootstrap_external>", line 843, in exec_module
  File "<frozen importlib._bootstrap>", line 219, in _call_with_frames_removed
  File "/opt/airflow/dags/download_NASA_API_dags.py", line 15, in <module>
    os.makedirs(output_estado_raw, exist_ok=True)
  File "/usr/local/lib/python3.8/os.py", line 213, in makedirs
    makedirs(head, exist_ok=exist_ok)
  File "/usr/local/lib/python3.8/os.py", line 213, in makedirs
    makedirs(head, exist_ok=exist_ok)
  File "/usr/local/lib/python3.8/os.py", line 223, in makedirs
    mkdir(name, mode)
PermissionError: [Errno 13] Permission denied: '/usr/local/airflow'
[2024-04-06T16:31:03.006+0000] {processor.py:842} WARNING - No viable dags retrieved from /opt/airflow/dags/download_NASA_API_dags.py
[2024-04-06T16:31:03.055+0000] {processor.py:183} INFO - Processing /opt/airflow/dags/download_NASA_API_dags.py took 0.747 seconds
[2024-04-06T16:31:33.313+0000] {processor.py:161} INFO - Started process (PID=118) to work on /opt/airflow/dags/download_NASA_API_dags.py
[2024-04-06T16:31:33.314+0000] {processor.py:830} INFO - Processing file /opt/airflow/dags/download_NASA_API_dags.py for tasks to queue
[2024-04-06T16:31:33.315+0000] {logging_mixin.py:188} INFO - [2024-04-06T16:31:33.315+0000] {dagbag.py:540} INFO - Filling up the DagBag from /opt/airflow/dags/download_NASA_API_dags.py
[2024-04-06T16:31:33.939+0000] {logging_mixin.py:188} INFO - [2024-04-06T16:31:33.929+0000] {dagbag.py:350} ERROR - Failed to import: /opt/airflow/dags/download_NASA_API_dags.py
Traceback (most recent call last):
  File "/home/airflow/.local/lib/python3.8/site-packages/airflow/models/dagbag.py", line 346, in parse
    loader.exec_module(new_module)
  File "<frozen importlib._bootstrap_external>", line 843, in exec_module
  File "<frozen importlib._bootstrap>", line 219, in _call_with_frames_removed
  File "/opt/airflow/dags/download_NASA_API_dags.py", line 15, in <module>
    os.makedirs(output_estado_raw, exist_ok=True)
  File "/usr/local/lib/python3.8/os.py", line 213, in makedirs
    makedirs(head, exist_ok=exist_ok)
  File "/usr/local/lib/python3.8/os.py", line 213, in makedirs
    makedirs(head, exist_ok=exist_ok)
  File "/usr/local/lib/python3.8/os.py", line 223, in makedirs
    mkdir(name, mode)
PermissionError: [Errno 13] Permission denied: '/usr/local/airflow'
[2024-04-06T16:31:33.940+0000] {processor.py:842} WARNING - No viable dags retrieved from /opt/airflow/dags/download_NASA_API_dags.py
[2024-04-06T16:31:34.007+0000] {processor.py:183} INFO - Processing /opt/airflow/dags/download_NASA_API_dags.py took 0.697 seconds
[2024-04-06T16:32:04.343+0000] {processor.py:161} INFO - Started process (PID=121) to work on /opt/airflow/dags/download_NASA_API_dags.py
[2024-04-06T16:32:04.344+0000] {processor.py:830} INFO - Processing file /opt/airflow/dags/download_NASA_API_dags.py for tasks to queue
[2024-04-06T16:32:04.346+0000] {logging_mixin.py:188} INFO - [2024-04-06T16:32:04.345+0000] {dagbag.py:540} INFO - Filling up the DagBag from /opt/airflow/dags/download_NASA_API_dags.py
[2024-04-06T16:32:04.987+0000] {logging_mixin.py:188} INFO - [2024-04-06T16:32:04.981+0000] {dagbag.py:350} ERROR - Failed to import: /opt/airflow/dags/download_NASA_API_dags.py
Traceback (most recent call last):
  File "/home/airflow/.local/lib/python3.8/site-packages/airflow/models/dagbag.py", line 346, in parse
    loader.exec_module(new_module)
  File "<frozen importlib._bootstrap_external>", line 843, in exec_module
  File "<frozen importlib._bootstrap>", line 219, in _call_with_frames_removed
  File "/opt/airflow/dags/download_NASA_API_dags.py", line 15, in <module>
    os.makedirs(output_estado_raw, exist_ok=True)
  File "/usr/local/lib/python3.8/os.py", line 213, in makedirs
    makedirs(head, exist_ok=exist_ok)
  File "/usr/local/lib/python3.8/os.py", line 213, in makedirs
    makedirs(head, exist_ok=exist_ok)
  File "/usr/local/lib/python3.8/os.py", line 223, in makedirs
    mkdir(name, mode)
PermissionError: [Errno 13] Permission denied: '/usr/local/airflow'
[2024-04-06T16:32:04.988+0000] {processor.py:842} WARNING - No viable dags retrieved from /opt/airflow/dags/download_NASA_API_dags.py
[2024-04-06T16:32:05.045+0000] {processor.py:183} INFO - Processing /opt/airflow/dags/download_NASA_API_dags.py took 0.705 seconds
[2024-04-06T16:32:35.456+0000] {processor.py:161} INFO - Started process (PID=124) to work on /opt/airflow/dags/download_NASA_API_dags.py
[2024-04-06T16:32:35.457+0000] {processor.py:830} INFO - Processing file /opt/airflow/dags/download_NASA_API_dags.py for tasks to queue
[2024-04-06T16:32:35.459+0000] {logging_mixin.py:188} INFO - [2024-04-06T16:32:35.458+0000] {dagbag.py:540} INFO - Filling up the DagBag from /opt/airflow/dags/download_NASA_API_dags.py
[2024-04-06T16:32:36.100+0000] {logging_mixin.py:188} INFO - [2024-04-06T16:32:36.095+0000] {dagbag.py:350} ERROR - Failed to import: /opt/airflow/dags/download_NASA_API_dags.py
Traceback (most recent call last):
  File "/home/airflow/.local/lib/python3.8/site-packages/airflow/models/dagbag.py", line 346, in parse
    loader.exec_module(new_module)
  File "<frozen importlib._bootstrap_external>", line 843, in exec_module
  File "<frozen importlib._bootstrap>", line 219, in _call_with_frames_removed
  File "/opt/airflow/dags/download_NASA_API_dags.py", line 15, in <module>
    os.makedirs(output_estado_raw, exist_ok=True)
  File "/usr/local/lib/python3.8/os.py", line 213, in makedirs
    makedirs(head, exist_ok=exist_ok)
  File "/usr/local/lib/python3.8/os.py", line 213, in makedirs
    makedirs(head, exist_ok=exist_ok)
  File "/usr/local/lib/python3.8/os.py", line 223, in makedirs
    mkdir(name, mode)
PermissionError: [Errno 13] Permission denied: '/usr/local/airflow'
[2024-04-06T16:32:36.101+0000] {processor.py:842} WARNING - No viable dags retrieved from /opt/airflow/dags/download_NASA_API_dags.py
[2024-04-06T16:32:36.143+0000] {processor.py:183} INFO - Processing /opt/airflow/dags/download_NASA_API_dags.py took 0.689 seconds
[2024-04-06T16:33:06.653+0000] {processor.py:161} INFO - Started process (PID=127) to work on /opt/airflow/dags/download_NASA_API_dags.py
[2024-04-06T16:33:06.655+0000] {processor.py:830} INFO - Processing file /opt/airflow/dags/download_NASA_API_dags.py for tasks to queue
[2024-04-06T16:33:06.657+0000] {logging_mixin.py:188} INFO - [2024-04-06T16:33:06.656+0000] {dagbag.py:540} INFO - Filling up the DagBag from /opt/airflow/dags/download_NASA_API_dags.py
[2024-04-06T16:33:07.377+0000] {logging_mixin.py:188} INFO - [2024-04-06T16:33:07.368+0000] {dagbag.py:350} ERROR - Failed to import: /opt/airflow/dags/download_NASA_API_dags.py
Traceback (most recent call last):
  File "/home/airflow/.local/lib/python3.8/site-packages/airflow/models/dagbag.py", line 346, in parse
    loader.exec_module(new_module)
  File "<frozen importlib._bootstrap_external>", line 843, in exec_module
  File "<frozen importlib._bootstrap>", line 219, in _call_with_frames_removed
  File "/opt/airflow/dags/download_NASA_API_dags.py", line 15, in <module>
    os.makedirs(output_estado_raw, exist_ok=True)
  File "/usr/local/lib/python3.8/os.py", line 213, in makedirs
    makedirs(head, exist_ok=exist_ok)
  File "/usr/local/lib/python3.8/os.py", line 213, in makedirs
    makedirs(head, exist_ok=exist_ok)
  File "/usr/local/lib/python3.8/os.py", line 223, in makedirs
    mkdir(name, mode)
PermissionError: [Errno 13] Permission denied: '/usr/local/airflow'
[2024-04-06T16:33:07.378+0000] {processor.py:842} WARNING - No viable dags retrieved from /opt/airflow/dags/download_NASA_API_dags.py
[2024-04-06T16:33:07.444+0000] {processor.py:183} INFO - Processing /opt/airflow/dags/download_NASA_API_dags.py took 0.794 seconds
[2024-04-06T16:33:37.846+0000] {processor.py:161} INFO - Started process (PID=130) to work on /opt/airflow/dags/download_NASA_API_dags.py
[2024-04-06T16:33:37.848+0000] {processor.py:830} INFO - Processing file /opt/airflow/dags/download_NASA_API_dags.py for tasks to queue
[2024-04-06T16:33:37.849+0000] {logging_mixin.py:188} INFO - [2024-04-06T16:33:37.849+0000] {dagbag.py:540} INFO - Filling up the DagBag from /opt/airflow/dags/download_NASA_API_dags.py
[2024-04-06T16:33:38.500+0000] {logging_mixin.py:188} INFO - [2024-04-06T16:33:38.492+0000] {dagbag.py:350} ERROR - Failed to import: /opt/airflow/dags/download_NASA_API_dags.py
Traceback (most recent call last):
  File "/home/airflow/.local/lib/python3.8/site-packages/airflow/models/dagbag.py", line 346, in parse
    loader.exec_module(new_module)
  File "<frozen importlib._bootstrap_external>", line 843, in exec_module
  File "<frozen importlib._bootstrap>", line 219, in _call_with_frames_removed
  File "/opt/airflow/dags/download_NASA_API_dags.py", line 15, in <module>
    os.makedirs(output_estado_raw, exist_ok=True)
  File "/usr/local/lib/python3.8/os.py", line 213, in makedirs
    makedirs(head, exist_ok=exist_ok)
  File "/usr/local/lib/python3.8/os.py", line 213, in makedirs
    makedirs(head, exist_ok=exist_ok)
  File "/usr/local/lib/python3.8/os.py", line 223, in makedirs
    mkdir(name, mode)
PermissionError: [Errno 13] Permission denied: '/usr/local/airflow'
[2024-04-06T16:33:38.501+0000] {processor.py:842} WARNING - No viable dags retrieved from /opt/airflow/dags/download_NASA_API_dags.py
[2024-04-06T16:33:38.563+0000] {processor.py:183} INFO - Processing /opt/airflow/dags/download_NASA_API_dags.py took 0.720 seconds
[2024-04-06T16:33:40.580+0000] {processor.py:161} INFO - Started process (PID=133) to work on /opt/airflow/dags/download_NASA_API_dags.py
[2024-04-06T16:33:40.581+0000] {processor.py:830} INFO - Processing file /opt/airflow/dags/download_NASA_API_dags.py for tasks to queue
[2024-04-06T16:33:40.583+0000] {logging_mixin.py:188} INFO - [2024-04-06T16:33:40.582+0000] {dagbag.py:540} INFO - Filling up the DagBag from /opt/airflow/dags/download_NASA_API_dags.py
[2024-04-06T16:33:41.294+0000] {processor.py:840} INFO - DAG(s) 'data_processing_dag' retrieved from /opt/airflow/dags/download_NASA_API_dags.py
[2024-04-06T16:33:41.567+0000] {logging_mixin.py:188} INFO - [2024-04-06T16:33:41.566+0000] {override.py:1769} INFO - Created Permission View: can delete on DAG:data_processing_dag
[2024-04-06T16:33:41.629+0000] {logging_mixin.py:188} INFO - [2024-04-06T16:33:41.628+0000] {override.py:1769} INFO - Created Permission View: can edit on DAG:data_processing_dag
[2024-04-06T16:33:41.686+0000] {logging_mixin.py:188} INFO - [2024-04-06T16:33:41.685+0000] {override.py:1769} INFO - Created Permission View: can read on DAG:data_processing_dag
[2024-04-06T16:33:41.687+0000] {logging_mixin.py:188} INFO - [2024-04-06T16:33:41.686+0000] {dag.py:3047} INFO - Sync 1 DAGs
[2024-04-06T16:33:41.714+0000] {logging_mixin.py:188} INFO - [2024-04-06T16:33:41.713+0000] {dag.py:3069} INFO - Creating ORM DAG for data_processing_dag
[2024-04-06T16:33:41.736+0000] {logging_mixin.py:188} INFO - [2024-04-06T16:33:41.735+0000] {dag.py:3834} INFO - Setting next_dagrun for data_processing_dag to 2024-04-05 00:00:00+00:00, run_after=2024-04-06 00:00:00+00:00
[2024-04-06T16:33:41.857+0000] {processor.py:183} INFO - Processing /opt/airflow/dags/download_NASA_API_dags.py took 1.280 seconds
[2024-04-06T16:34:12.375+0000] {processor.py:161} INFO - Started process (PID=136) to work on /opt/airflow/dags/download_NASA_API_dags.py
[2024-04-06T16:34:12.377+0000] {processor.py:830} INFO - Processing file /opt/airflow/dags/download_NASA_API_dags.py for tasks to queue
[2024-04-06T16:34:12.379+0000] {logging_mixin.py:188} INFO - [2024-04-06T16:34:12.378+0000] {dagbag.py:540} INFO - Filling up the DagBag from /opt/airflow/dags/download_NASA_API_dags.py
[2024-04-06T16:34:13.033+0000] {processor.py:840} INFO - DAG(s) 'data_processing_dag' retrieved from /opt/airflow/dags/download_NASA_API_dags.py
[2024-04-06T16:34:13.075+0000] {logging_mixin.py:188} INFO - [2024-04-06T16:34:13.075+0000] {dag.py:3047} INFO - Sync 1 DAGs
[2024-04-06T16:34:13.110+0000] {logging_mixin.py:188} INFO - [2024-04-06T16:34:13.109+0000] {dag.py:3834} INFO - Setting next_dagrun for data_processing_dag to 2024-04-05 00:00:00+00:00, run_after=2024-04-06 00:00:00+00:00
[2024-04-06T16:34:13.201+0000] {processor.py:183} INFO - Processing /opt/airflow/dags/download_NASA_API_dags.py took 0.830 seconds
[2024-04-06T16:34:43.638+0000] {processor.py:161} INFO - Started process (PID=139) to work on /opt/airflow/dags/download_NASA_API_dags.py
[2024-04-06T16:34:43.639+0000] {processor.py:830} INFO - Processing file /opt/airflow/dags/download_NASA_API_dags.py for tasks to queue
[2024-04-06T16:34:43.641+0000] {logging_mixin.py:188} INFO - [2024-04-06T16:34:43.640+0000] {dagbag.py:540} INFO - Filling up the DagBag from /opt/airflow/dags/download_NASA_API_dags.py
[2024-04-06T16:34:44.305+0000] {processor.py:840} INFO - DAG(s) 'data_processing_dag' retrieved from /opt/airflow/dags/download_NASA_API_dags.py
[2024-04-06T16:34:44.347+0000] {logging_mixin.py:188} INFO - [2024-04-06T16:34:44.346+0000] {dag.py:3047} INFO - Sync 1 DAGs
[2024-04-06T16:34:44.384+0000] {logging_mixin.py:188} INFO - [2024-04-06T16:34:44.383+0000] {dag.py:3834} INFO - Setting next_dagrun for data_processing_dag to 2024-04-05 00:00:00+00:00, run_after=2024-04-06 00:00:00+00:00
[2024-04-06T16:34:44.482+0000] {processor.py:183} INFO - Processing /opt/airflow/dags/download_NASA_API_dags.py took 0.847 seconds
[2024-04-06T16:35:14.895+0000] {processor.py:161} INFO - Started process (PID=142) to work on /opt/airflow/dags/download_NASA_API_dags.py
[2024-04-06T16:35:14.896+0000] {processor.py:830} INFO - Processing file /opt/airflow/dags/download_NASA_API_dags.py for tasks to queue
[2024-04-06T16:35:14.897+0000] {logging_mixin.py:188} INFO - [2024-04-06T16:35:14.897+0000] {dagbag.py:540} INFO - Filling up the DagBag from /opt/airflow/dags/download_NASA_API_dags.py
[2024-04-06T16:35:15.619+0000] {processor.py:840} INFO - DAG(s) 'data_processing_dag' retrieved from /opt/airflow/dags/download_NASA_API_dags.py
[2024-04-06T16:35:15.666+0000] {logging_mixin.py:188} INFO - [2024-04-06T16:35:15.665+0000] {dag.py:3047} INFO - Sync 1 DAGs
[2024-04-06T16:35:15.706+0000] {logging_mixin.py:188} INFO - [2024-04-06T16:35:15.706+0000] {dag.py:3834} INFO - Setting next_dagrun for data_processing_dag to 2024-04-05 00:00:00+00:00, run_after=2024-04-06 00:00:00+00:00
[2024-04-06T16:35:15.826+0000] {processor.py:183} INFO - Processing /opt/airflow/dags/download_NASA_API_dags.py took 0.936 seconds
[2024-04-06T16:35:46.321+0000] {processor.py:161} INFO - Started process (PID=145) to work on /opt/airflow/dags/download_NASA_API_dags.py
[2024-04-06T16:35:46.322+0000] {processor.py:830} INFO - Processing file /opt/airflow/dags/download_NASA_API_dags.py for tasks to queue
[2024-04-06T16:35:46.324+0000] {logging_mixin.py:188} INFO - [2024-04-06T16:35:46.324+0000] {dagbag.py:540} INFO - Filling up the DagBag from /opt/airflow/dags/download_NASA_API_dags.py
[2024-04-06T16:35:47.023+0000] {processor.py:840} INFO - DAG(s) 'data_processing_dag' retrieved from /opt/airflow/dags/download_NASA_API_dags.py
[2024-04-06T16:35:47.065+0000] {logging_mixin.py:188} INFO - [2024-04-06T16:35:47.065+0000] {dag.py:3047} INFO - Sync 1 DAGs
[2024-04-06T16:35:47.102+0000] {logging_mixin.py:188} INFO - [2024-04-06T16:35:47.102+0000] {dag.py:3834} INFO - Setting next_dagrun for data_processing_dag to 2024-04-05 00:00:00+00:00, run_after=2024-04-06 00:00:00+00:00
[2024-04-06T16:35:47.205+0000] {processor.py:183} INFO - Processing /opt/airflow/dags/download_NASA_API_dags.py took 0.888 seconds
[2024-04-06T16:40:15.927+0000] {processor.py:161} INFO - Started process (PID=178) to work on /opt/airflow/dags/download_NASA_API_dags.py
[2024-04-06T16:40:15.929+0000] {processor.py:830} INFO - Processing file /opt/airflow/dags/download_NASA_API_dags.py for tasks to queue
[2024-04-06T16:40:15.930+0000] {logging_mixin.py:188} INFO - [2024-04-06T16:40:15.930+0000] {dagbag.py:540} INFO - Filling up the DagBag from /opt/airflow/dags/download_NASA_API_dags.py
[2024-04-06T16:40:16.821+0000] {processor.py:840} INFO - DAG(s) 'data_processing_dag' retrieved from /opt/airflow/dags/download_NASA_API_dags.py
[2024-04-06T16:40:16.859+0000] {logging_mixin.py:188} INFO - [2024-04-06T16:40:16.858+0000] {dag.py:3047} INFO - Sync 1 DAGs
[2024-04-06T16:40:16.896+0000] {logging_mixin.py:188} INFO - [2024-04-06T16:40:16.896+0000] {dag.py:3834} INFO - Setting next_dagrun for data_processing_dag to 2024-04-06 00:00:00+00:00, run_after=2024-04-07 00:00:00+00:00
[2024-04-06T16:40:17.008+0000] {processor.py:183} INFO - Processing /opt/airflow/dags/download_NASA_API_dags.py took 1.083 seconds
[2024-04-06T16:40:47.187+0000] {processor.py:161} INFO - Started process (PID=181) to work on /opt/airflow/dags/download_NASA_API_dags.py
[2024-04-06T16:40:47.188+0000] {processor.py:830} INFO - Processing file /opt/airflow/dags/download_NASA_API_dags.py for tasks to queue
[2024-04-06T16:40:47.190+0000] {logging_mixin.py:188} INFO - [2024-04-06T16:40:47.189+0000] {dagbag.py:540} INFO - Filling up the DagBag from /opt/airflow/dags/download_NASA_API_dags.py
[2024-04-06T16:40:48.024+0000] {processor.py:840} INFO - DAG(s) 'data_processing_dag' retrieved from /opt/airflow/dags/download_NASA_API_dags.py
[2024-04-06T16:40:48.068+0000] {logging_mixin.py:188} INFO - [2024-04-06T16:40:48.067+0000] {dag.py:3047} INFO - Sync 1 DAGs
[2024-04-06T16:40:48.111+0000] {logging_mixin.py:188} INFO - [2024-04-06T16:40:48.110+0000] {dag.py:3834} INFO - Setting next_dagrun for data_processing_dag to 2024-04-06 00:00:00+00:00, run_after=2024-04-07 00:00:00+00:00
[2024-04-06T16:40:48.203+0000] {processor.py:183} INFO - Processing /opt/airflow/dags/download_NASA_API_dags.py took 1.019 seconds
[2024-04-06T16:41:19.043+0000] {processor.py:161} INFO - Started process (PID=184) to work on /opt/airflow/dags/download_NASA_API_dags.py
[2024-04-06T16:41:19.045+0000] {processor.py:830} INFO - Processing file /opt/airflow/dags/download_NASA_API_dags.py for tasks to queue
[2024-04-06T16:41:19.046+0000] {logging_mixin.py:188} INFO - [2024-04-06T16:41:19.046+0000] {dagbag.py:540} INFO - Filling up the DagBag from /opt/airflow/dags/download_NASA_API_dags.py
[2024-04-06T16:41:19.990+0000] {processor.py:840} INFO - DAG(s) 'data_processing_dag' retrieved from /opt/airflow/dags/download_NASA_API_dags.py
[2024-04-06T16:41:20.034+0000] {logging_mixin.py:188} INFO - [2024-04-06T16:41:20.033+0000] {dag.py:3047} INFO - Sync 1 DAGs
[2024-04-06T16:41:20.070+0000] {logging_mixin.py:188} INFO - [2024-04-06T16:41:20.070+0000] {dag.py:3834} INFO - Setting next_dagrun for data_processing_dag to 2024-04-06 00:00:00+00:00, run_after=2024-04-07 00:00:00+00:00
[2024-04-06T16:41:20.174+0000] {processor.py:183} INFO - Processing /opt/airflow/dags/download_NASA_API_dags.py took 1.135 seconds
[2024-04-06T16:41:50.969+0000] {processor.py:161} INFO - Started process (PID=187) to work on /opt/airflow/dags/download_NASA_API_dags.py
[2024-04-06T16:41:50.971+0000] {processor.py:830} INFO - Processing file /opt/airflow/dags/download_NASA_API_dags.py for tasks to queue
[2024-04-06T16:41:50.973+0000] {logging_mixin.py:188} INFO - [2024-04-06T16:41:50.972+0000] {dagbag.py:540} INFO - Filling up the DagBag from /opt/airflow/dags/download_NASA_API_dags.py
[2024-04-06T16:41:51.915+0000] {processor.py:840} INFO - DAG(s) 'data_processing_dag' retrieved from /opt/airflow/dags/download_NASA_API_dags.py
[2024-04-06T16:41:51.960+0000] {logging_mixin.py:188} INFO - [2024-04-06T16:41:51.959+0000] {dag.py:3047} INFO - Sync 1 DAGs
[2024-04-06T16:41:51.996+0000] {logging_mixin.py:188} INFO - [2024-04-06T16:41:51.996+0000] {dag.py:3834} INFO - Setting next_dagrun for data_processing_dag to 2024-04-06 00:00:00+00:00, run_after=2024-04-07 00:00:00+00:00
[2024-04-06T16:41:52.104+0000] {processor.py:183} INFO - Processing /opt/airflow/dags/download_NASA_API_dags.py took 1.138 seconds
[2024-04-06T16:42:23.194+0000] {processor.py:161} INFO - Started process (PID=190) to work on /opt/airflow/dags/download_NASA_API_dags.py
[2024-04-06T16:42:23.195+0000] {processor.py:830} INFO - Processing file /opt/airflow/dags/download_NASA_API_dags.py for tasks to queue
[2024-04-06T16:42:23.198+0000] {logging_mixin.py:188} INFO - [2024-04-06T16:42:23.197+0000] {dagbag.py:540} INFO - Filling up the DagBag from /opt/airflow/dags/download_NASA_API_dags.py
[2024-04-06T16:42:24.162+0000] {processor.py:840} INFO - DAG(s) 'data_processing_dag' retrieved from /opt/airflow/dags/download_NASA_API_dags.py
[2024-04-06T16:42:24.212+0000] {logging_mixin.py:188} INFO - [2024-04-06T16:42:24.211+0000] {dag.py:3047} INFO - Sync 1 DAGs
[2024-04-06T16:42:24.313+0000] {logging_mixin.py:188} INFO - [2024-04-06T16:42:24.313+0000] {dag.py:3834} INFO - Setting next_dagrun for data_processing_dag to 2024-04-06 00:00:00+00:00, run_after=2024-04-07 00:00:00+00:00
[2024-04-06T16:42:24.417+0000] {processor.py:183} INFO - Processing /opt/airflow/dags/download_NASA_API_dags.py took 1.227 seconds
[2024-04-06T16:42:55.612+0000] {processor.py:161} INFO - Started process (PID=193) to work on /opt/airflow/dags/download_NASA_API_dags.py
[2024-04-06T16:42:55.613+0000] {processor.py:830} INFO - Processing file /opt/airflow/dags/download_NASA_API_dags.py for tasks to queue
[2024-04-06T16:42:55.615+0000] {logging_mixin.py:188} INFO - [2024-04-06T16:42:55.614+0000] {dagbag.py:540} INFO - Filling up the DagBag from /opt/airflow/dags/download_NASA_API_dags.py
[2024-04-06T16:42:56.443+0000] {processor.py:840} INFO - DAG(s) 'data_processing_dag' retrieved from /opt/airflow/dags/download_NASA_API_dags.py
[2024-04-06T16:42:56.492+0000] {logging_mixin.py:188} INFO - [2024-04-06T16:42:56.490+0000] {dag.py:3047} INFO - Sync 1 DAGs
[2024-04-06T16:42:56.534+0000] {logging_mixin.py:188} INFO - [2024-04-06T16:42:56.534+0000] {dag.py:3834} INFO - Setting next_dagrun for data_processing_dag to 2024-04-06 00:00:00+00:00, run_after=2024-04-07 00:00:00+00:00
[2024-04-06T16:42:56.663+0000] {processor.py:183} INFO - Processing /opt/airflow/dags/download_NASA_API_dags.py took 1.055 seconds
[2024-04-06T16:45:23.012+0000] {processor.py:161} INFO - Started process (PID=212) to work on /opt/airflow/dags/download_NASA_API_dags.py
[2024-04-06T16:45:23.015+0000] {processor.py:830} INFO - Processing file /opt/airflow/dags/download_NASA_API_dags.py for tasks to queue
[2024-04-06T16:45:23.017+0000] {logging_mixin.py:188} INFO - [2024-04-06T16:45:23.016+0000] {dagbag.py:540} INFO - Filling up the DagBag from /opt/airflow/dags/download_NASA_API_dags.py
[2024-04-06T16:45:23.959+0000] {processor.py:840} INFO - DAG(s) 'data_processing_dag' retrieved from /opt/airflow/dags/download_NASA_API_dags.py
[2024-04-06T16:45:23.998+0000] {logging_mixin.py:188} INFO - [2024-04-06T16:45:23.997+0000] {dag.py:3047} INFO - Sync 1 DAGs
[2024-04-06T16:45:24.033+0000] {logging_mixin.py:188} INFO - [2024-04-06T16:45:24.032+0000] {dag.py:3834} INFO - Setting next_dagrun for data_processing_dag to 2024-04-06 00:00:00+00:00, run_after=2024-04-07 00:00:00+00:00
[2024-04-06T16:45:24.130+0000] {processor.py:183} INFO - Processing /opt/airflow/dags/download_NASA_API_dags.py took 1.124 seconds
[2024-04-06T16:49:30.510+0000] {processor.py:161} INFO - Started process (PID=260) to work on /opt/airflow/dags/download_NASA_API_dags.py
[2024-04-06T16:49:30.511+0000] {processor.py:830} INFO - Processing file /opt/airflow/dags/download_NASA_API_dags.py for tasks to queue
[2024-04-06T16:49:30.513+0000] {logging_mixin.py:188} INFO - [2024-04-06T16:49:30.513+0000] {dagbag.py:540} INFO - Filling up the DagBag from /opt/airflow/dags/download_NASA_API_dags.py
[2024-04-06T16:49:31.369+0000] {processor.py:840} INFO - DAG(s) 'data_processing_dag' retrieved from /opt/airflow/dags/download_NASA_API_dags.py
[2024-04-06T16:49:31.409+0000] {logging_mixin.py:188} INFO - [2024-04-06T16:49:31.408+0000] {dag.py:3047} INFO - Sync 1 DAGs
[2024-04-06T16:49:31.446+0000] {logging_mixin.py:188} INFO - [2024-04-06T16:49:31.445+0000] {dag.py:3834} INFO - Setting next_dagrun for data_processing_dag to 2024-04-06 00:00:00+00:00, run_after=2024-04-07 00:00:00+00:00
[2024-04-06T16:49:31.560+0000] {processor.py:183} INFO - Processing /opt/airflow/dags/download_NASA_API_dags.py took 1.053 seconds
[2024-04-06T16:50:08.410+0000] {processor.py:161} INFO - Started process (PID=353) to work on /opt/airflow/dags/download_NASA_API_dags.py
[2024-04-06T16:50:08.412+0000] {processor.py:830} INFO - Processing file /opt/airflow/dags/download_NASA_API_dags.py for tasks to queue
[2024-04-06T16:50:08.414+0000] {logging_mixin.py:188} INFO - [2024-04-06T16:50:08.413+0000] {dagbag.py:540} INFO - Filling up the DagBag from /opt/airflow/dags/download_NASA_API_dags.py
[2024-04-06T16:50:09.234+0000] {processor.py:840} INFO - DAG(s) 'data_processing_dag' retrieved from /opt/airflow/dags/download_NASA_API_dags.py
[2024-04-06T16:50:09.270+0000] {logging_mixin.py:188} INFO - [2024-04-06T16:50:09.269+0000] {dag.py:3047} INFO - Sync 1 DAGs
[2024-04-06T16:50:09.302+0000] {logging_mixin.py:188} INFO - [2024-04-06T16:50:09.302+0000] {dag.py:3834} INFO - Setting next_dagrun for data_processing_dag to 2024-04-06 00:00:00+00:00, run_after=2024-04-07 00:00:00+00:00
[2024-04-06T16:50:09.404+0000] {processor.py:183} INFO - Processing /opt/airflow/dags/download_NASA_API_dags.py took 0.997 seconds
[2024-04-06T16:50:39.945+0000] {processor.py:161} INFO - Started process (PID=386) to work on /opt/airflow/dags/download_NASA_API_dags.py
[2024-04-06T16:50:39.946+0000] {processor.py:830} INFO - Processing file /opt/airflow/dags/download_NASA_API_dags.py for tasks to queue
[2024-04-06T16:50:39.949+0000] {logging_mixin.py:188} INFO - [2024-04-06T16:50:39.948+0000] {dagbag.py:540} INFO - Filling up the DagBag from /opt/airflow/dags/download_NASA_API_dags.py
[2024-04-06T16:50:40.802+0000] {processor.py:840} INFO - DAG(s) 'data_processing_dag' retrieved from /opt/airflow/dags/download_NASA_API_dags.py
[2024-04-06T16:50:40.845+0000] {logging_mixin.py:188} INFO - [2024-04-06T16:50:40.844+0000] {dag.py:3047} INFO - Sync 1 DAGs
[2024-04-06T16:50:40.882+0000] {logging_mixin.py:188} INFO - [2024-04-06T16:50:40.882+0000] {dag.py:3834} INFO - Setting next_dagrun for data_processing_dag to 2024-04-06 00:00:00+00:00, run_after=2024-04-07 00:00:00+00:00
[2024-04-06T16:50:40.984+0000] {processor.py:183} INFO - Processing /opt/airflow/dags/download_NASA_API_dags.py took 1.043 seconds
[2024-04-06T16:51:11.749+0000] {processor.py:161} INFO - Started process (PID=389) to work on /opt/airflow/dags/download_NASA_API_dags.py
[2024-04-06T16:51:11.751+0000] {processor.py:830} INFO - Processing file /opt/airflow/dags/download_NASA_API_dags.py for tasks to queue
[2024-04-06T16:51:11.753+0000] {logging_mixin.py:188} INFO - [2024-04-06T16:51:11.752+0000] {dagbag.py:540} INFO - Filling up the DagBag from /opt/airflow/dags/download_NASA_API_dags.py
[2024-04-06T16:51:12.652+0000] {processor.py:840} INFO - DAG(s) 'data_processing_dag' retrieved from /opt/airflow/dags/download_NASA_API_dags.py
[2024-04-06T16:51:12.694+0000] {logging_mixin.py:188} INFO - [2024-04-06T16:51:12.693+0000] {dag.py:3047} INFO - Sync 1 DAGs
[2024-04-06T16:51:12.733+0000] {logging_mixin.py:188} INFO - [2024-04-06T16:51:12.732+0000] {dag.py:3834} INFO - Setting next_dagrun for data_processing_dag to 2024-04-06 00:00:00+00:00, run_after=2024-04-07 00:00:00+00:00
[2024-04-06T16:51:12.844+0000] {processor.py:183} INFO - Processing /opt/airflow/dags/download_NASA_API_dags.py took 1.099 seconds
[2024-04-06T16:51:43.487+0000] {processor.py:161} INFO - Started process (PID=392) to work on /opt/airflow/dags/download_NASA_API_dags.py
[2024-04-06T16:51:43.489+0000] {processor.py:830} INFO - Processing file /opt/airflow/dags/download_NASA_API_dags.py for tasks to queue
[2024-04-06T16:51:43.491+0000] {logging_mixin.py:188} INFO - [2024-04-06T16:51:43.490+0000] {dagbag.py:540} INFO - Filling up the DagBag from /opt/airflow/dags/download_NASA_API_dags.py
[2024-04-06T16:51:44.424+0000] {processor.py:840} INFO - DAG(s) 'data_processing_dag' retrieved from /opt/airflow/dags/download_NASA_API_dags.py
[2024-04-06T16:51:44.465+0000] {logging_mixin.py:188} INFO - [2024-04-06T16:51:44.464+0000] {dag.py:3047} INFO - Sync 1 DAGs
[2024-04-06T16:51:44.499+0000] {logging_mixin.py:188} INFO - [2024-04-06T16:51:44.499+0000] {dag.py:3834} INFO - Setting next_dagrun for data_processing_dag to 2024-04-06 00:00:00+00:00, run_after=2024-04-07 00:00:00+00:00
[2024-04-06T16:51:44.606+0000] {processor.py:183} INFO - Processing /opt/airflow/dags/download_NASA_API_dags.py took 1.124 seconds
[2024-04-06T16:52:15.498+0000] {processor.py:161} INFO - Started process (PID=395) to work on /opt/airflow/dags/download_NASA_API_dags.py
[2024-04-06T16:52:15.500+0000] {processor.py:830} INFO - Processing file /opt/airflow/dags/download_NASA_API_dags.py for tasks to queue
[2024-04-06T16:52:15.501+0000] {logging_mixin.py:188} INFO - [2024-04-06T16:52:15.501+0000] {dagbag.py:540} INFO - Filling up the DagBag from /opt/airflow/dags/download_NASA_API_dags.py
[2024-04-06T16:52:16.418+0000] {processor.py:840} INFO - DAG(s) 'data_processing_dag' retrieved from /opt/airflow/dags/download_NASA_API_dags.py
[2024-04-06T16:52:16.462+0000] {logging_mixin.py:188} INFO - [2024-04-06T16:52:16.462+0000] {dag.py:3047} INFO - Sync 1 DAGs
[2024-04-06T16:52:16.497+0000] {logging_mixin.py:188} INFO - [2024-04-06T16:52:16.496+0000] {dag.py:3834} INFO - Setting next_dagrun for data_processing_dag to 2024-04-06 00:00:00+00:00, run_after=2024-04-07 00:00:00+00:00
[2024-04-06T16:52:16.593+0000] {processor.py:183} INFO - Processing /opt/airflow/dags/download_NASA_API_dags.py took 1.098 seconds
[2024-04-06T16:52:47.496+0000] {processor.py:161} INFO - Started process (PID=398) to work on /opt/airflow/dags/download_NASA_API_dags.py
[2024-04-06T16:52:47.498+0000] {processor.py:830} INFO - Processing file /opt/airflow/dags/download_NASA_API_dags.py for tasks to queue
[2024-04-06T16:52:47.499+0000] {logging_mixin.py:188} INFO - [2024-04-06T16:52:47.499+0000] {dagbag.py:540} INFO - Filling up the DagBag from /opt/airflow/dags/download_NASA_API_dags.py
[2024-04-06T16:52:48.386+0000] {processor.py:840} INFO - DAG(s) 'data_processing_dag' retrieved from /opt/airflow/dags/download_NASA_API_dags.py
[2024-04-06T16:52:48.436+0000] {logging_mixin.py:188} INFO - [2024-04-06T16:52:48.435+0000] {dag.py:3047} INFO - Sync 1 DAGs
[2024-04-06T16:52:48.477+0000] {logging_mixin.py:188} INFO - [2024-04-06T16:52:48.477+0000] {dag.py:3834} INFO - Setting next_dagrun for data_processing_dag to 2024-04-06 00:00:00+00:00, run_after=2024-04-07 00:00:00+00:00
[2024-04-06T16:52:48.570+0000] {processor.py:183} INFO - Processing /opt/airflow/dags/download_NASA_API_dags.py took 1.077 seconds
[2024-04-06T16:53:19.047+0000] {processor.py:161} INFO - Started process (PID=401) to work on /opt/airflow/dags/download_NASA_API_dags.py
[2024-04-06T16:53:19.049+0000] {processor.py:830} INFO - Processing file /opt/airflow/dags/download_NASA_API_dags.py for tasks to queue
[2024-04-06T16:53:19.050+0000] {logging_mixin.py:188} INFO - [2024-04-06T16:53:19.050+0000] {dagbag.py:540} INFO - Filling up the DagBag from /opt/airflow/dags/download_NASA_API_dags.py
[2024-04-06T16:53:19.991+0000] {processor.py:840} INFO - DAG(s) 'data_processing_dag' retrieved from /opt/airflow/dags/download_NASA_API_dags.py
[2024-04-06T16:53:20.034+0000] {logging_mixin.py:188} INFO - [2024-04-06T16:53:20.033+0000] {dag.py:3047} INFO - Sync 1 DAGs
[2024-04-06T16:53:20.068+0000] {logging_mixin.py:188} INFO - [2024-04-06T16:53:20.067+0000] {dag.py:3834} INFO - Setting next_dagrun for data_processing_dag to 2024-04-06 00:00:00+00:00, run_after=2024-04-07 00:00:00+00:00
[2024-04-06T16:53:20.160+0000] {processor.py:183} INFO - Processing /opt/airflow/dags/download_NASA_API_dags.py took 1.117 seconds
[2024-04-06T16:53:50.659+0000] {processor.py:161} INFO - Started process (PID=404) to work on /opt/airflow/dags/download_NASA_API_dags.py
[2024-04-06T16:53:50.661+0000] {processor.py:830} INFO - Processing file /opt/airflow/dags/download_NASA_API_dags.py for tasks to queue
[2024-04-06T16:53:50.662+0000] {logging_mixin.py:188} INFO - [2024-04-06T16:53:50.662+0000] {dagbag.py:540} INFO - Filling up the DagBag from /opt/airflow/dags/download_NASA_API_dags.py
[2024-04-06T16:53:51.513+0000] {processor.py:840} INFO - DAG(s) 'data_processing_dag' retrieved from /opt/airflow/dags/download_NASA_API_dags.py
[2024-04-06T16:53:51.553+0000] {logging_mixin.py:188} INFO - [2024-04-06T16:53:51.552+0000] {dag.py:3047} INFO - Sync 1 DAGs
[2024-04-06T16:53:51.588+0000] {logging_mixin.py:188} INFO - [2024-04-06T16:53:51.588+0000] {dag.py:3834} INFO - Setting next_dagrun for data_processing_dag to 2024-04-06 00:00:00+00:00, run_after=2024-04-07 00:00:00+00:00
[2024-04-06T16:53:51.694+0000] {processor.py:183} INFO - Processing /opt/airflow/dags/download_NASA_API_dags.py took 1.038 seconds
[2024-04-06T16:54:22.327+0000] {processor.py:161} INFO - Started process (PID=407) to work on /opt/airflow/dags/download_NASA_API_dags.py
[2024-04-06T16:54:22.328+0000] {processor.py:830} INFO - Processing file /opt/airflow/dags/download_NASA_API_dags.py for tasks to queue
[2024-04-06T16:54:22.330+0000] {logging_mixin.py:188} INFO - [2024-04-06T16:54:22.329+0000] {dagbag.py:540} INFO - Filling up the DagBag from /opt/airflow/dags/download_NASA_API_dags.py
[2024-04-06T16:54:23.201+0000] {processor.py:840} INFO - DAG(s) 'data_processing_dag' retrieved from /opt/airflow/dags/download_NASA_API_dags.py
[2024-04-06T16:54:23.243+0000] {logging_mixin.py:188} INFO - [2024-04-06T16:54:23.242+0000] {dag.py:3047} INFO - Sync 1 DAGs
[2024-04-06T16:54:23.278+0000] {logging_mixin.py:188} INFO - [2024-04-06T16:54:23.277+0000] {dag.py:3834} INFO - Setting next_dagrun for data_processing_dag to 2024-04-06 00:00:00+00:00, run_after=2024-04-07 00:00:00+00:00
[2024-04-06T16:54:23.385+0000] {processor.py:183} INFO - Processing /opt/airflow/dags/download_NASA_API_dags.py took 1.062 seconds
[2024-04-06T16:54:53.818+0000] {processor.py:161} INFO - Started process (PID=410) to work on /opt/airflow/dags/download_NASA_API_dags.py
[2024-04-06T16:54:53.819+0000] {processor.py:830} INFO - Processing file /opt/airflow/dags/download_NASA_API_dags.py for tasks to queue
[2024-04-06T16:54:53.821+0000] {logging_mixin.py:188} INFO - [2024-04-06T16:54:53.820+0000] {dagbag.py:540} INFO - Filling up the DagBag from /opt/airflow/dags/download_NASA_API_dags.py
[2024-04-06T16:54:54.803+0000] {processor.py:840} INFO - DAG(s) 'data_processing_dag' retrieved from /opt/airflow/dags/download_NASA_API_dags.py
[2024-04-06T16:54:54.843+0000] {logging_mixin.py:188} INFO - [2024-04-06T16:54:54.842+0000] {dag.py:3047} INFO - Sync 1 DAGs
[2024-04-06T16:54:54.879+0000] {logging_mixin.py:188} INFO - [2024-04-06T16:54:54.878+0000] {dag.py:3834} INFO - Setting next_dagrun for data_processing_dag to 2024-04-06 00:00:00+00:00, run_after=2024-04-07 00:00:00+00:00
[2024-04-06T16:54:54.993+0000] {processor.py:183} INFO - Processing /opt/airflow/dags/download_NASA_API_dags.py took 1.179 seconds
[2024-04-06T16:55:27.408+0000] {processor.py:161} INFO - Started process (PID=458) to work on /opt/airflow/dags/download_NASA_API_dags.py
[2024-04-06T16:55:27.409+0000] {processor.py:830} INFO - Processing file /opt/airflow/dags/download_NASA_API_dags.py for tasks to queue
[2024-04-06T16:55:27.410+0000] {logging_mixin.py:188} INFO - [2024-04-06T16:55:27.410+0000] {dagbag.py:540} INFO - Filling up the DagBag from /opt/airflow/dags/download_NASA_API_dags.py
[2024-04-06T16:55:28.192+0000] {processor.py:840} INFO - DAG(s) 'data_processing_dag' retrieved from /opt/airflow/dags/download_NASA_API_dags.py
[2024-04-06T16:55:28.234+0000] {logging_mixin.py:188} INFO - [2024-04-06T16:55:28.233+0000] {dag.py:3047} INFO - Sync 1 DAGs
[2024-04-06T16:55:28.267+0000] {logging_mixin.py:188} INFO - [2024-04-06T16:55:28.266+0000] {dag.py:3834} INFO - Setting next_dagrun for data_processing_dag to 2024-04-06 00:00:00+00:00, run_after=2024-04-07 00:00:00+00:00
[2024-04-06T16:55:28.365+0000] {processor.py:183} INFO - Processing /opt/airflow/dags/download_NASA_API_dags.py took 0.961 seconds
[2024-04-06T16:55:58.465+0000] {processor.py:161} INFO - Started process (PID=461) to work on /opt/airflow/dags/download_NASA_API_dags.py
[2024-04-06T16:55:58.467+0000] {processor.py:830} INFO - Processing file /opt/airflow/dags/download_NASA_API_dags.py for tasks to queue
[2024-04-06T16:55:58.469+0000] {logging_mixin.py:188} INFO - [2024-04-06T16:55:58.468+0000] {dagbag.py:540} INFO - Filling up the DagBag from /opt/airflow/dags/download_NASA_API_dags.py
[2024-04-06T16:55:59.360+0000] {processor.py:840} INFO - DAG(s) 'data_processing_dag' retrieved from /opt/airflow/dags/download_NASA_API_dags.py
[2024-04-06T16:55:59.407+0000] {logging_mixin.py:188} INFO - [2024-04-06T16:55:59.406+0000] {dag.py:3047} INFO - Sync 1 DAGs
[2024-04-06T16:55:59.446+0000] {logging_mixin.py:188} INFO - [2024-04-06T16:55:59.446+0000] {dag.py:3834} INFO - Setting next_dagrun for data_processing_dag to 2024-04-06 00:00:00+00:00, run_after=2024-04-07 00:00:00+00:00
[2024-04-06T16:55:59.557+0000] {processor.py:183} INFO - Processing /opt/airflow/dags/download_NASA_API_dags.py took 1.096 seconds
[2024-04-06T16:56:30.342+0000] {processor.py:161} INFO - Started process (PID=464) to work on /opt/airflow/dags/download_NASA_API_dags.py
[2024-04-06T16:56:30.346+0000] {processor.py:830} INFO - Processing file /opt/airflow/dags/download_NASA_API_dags.py for tasks to queue
[2024-04-06T16:56:30.349+0000] {logging_mixin.py:188} INFO - [2024-04-06T16:56:30.348+0000] {dagbag.py:540} INFO - Filling up the DagBag from /opt/airflow/dags/download_NASA_API_dags.py
[2024-04-06T16:56:31.273+0000] {processor.py:840} INFO - DAG(s) 'data_processing_dag' retrieved from /opt/airflow/dags/download_NASA_API_dags.py
[2024-04-06T16:56:31.315+0000] {logging_mixin.py:188} INFO - [2024-04-06T16:56:31.314+0000] {dag.py:3047} INFO - Sync 1 DAGs
[2024-04-06T16:56:31.351+0000] {logging_mixin.py:188} INFO - [2024-04-06T16:56:31.350+0000] {dag.py:3834} INFO - Setting next_dagrun for data_processing_dag to 2024-04-06 00:00:00+00:00, run_after=2024-04-07 00:00:00+00:00
[2024-04-06T16:56:31.458+0000] {processor.py:183} INFO - Processing /opt/airflow/dags/download_NASA_API_dags.py took 1.121 seconds
[2024-04-06T16:57:01.944+0000] {processor.py:161} INFO - Started process (PID=467) to work on /opt/airflow/dags/download_NASA_API_dags.py
[2024-04-06T16:57:01.946+0000] {processor.py:830} INFO - Processing file /opt/airflow/dags/download_NASA_API_dags.py for tasks to queue
[2024-04-06T16:57:01.948+0000] {logging_mixin.py:188} INFO - [2024-04-06T16:57:01.947+0000] {dagbag.py:540} INFO - Filling up the DagBag from /opt/airflow/dags/download_NASA_API_dags.py
[2024-04-06T16:57:02.818+0000] {processor.py:840} INFO - DAG(s) 'data_processing_dag' retrieved from /opt/airflow/dags/download_NASA_API_dags.py
[2024-04-06T16:57:02.856+0000] {logging_mixin.py:188} INFO - [2024-04-06T16:57:02.855+0000] {dag.py:3047} INFO - Sync 1 DAGs
[2024-04-06T16:57:02.889+0000] {logging_mixin.py:188} INFO - [2024-04-06T16:57:02.889+0000] {dag.py:3834} INFO - Setting next_dagrun for data_processing_dag to 2024-04-06 00:00:00+00:00, run_after=2024-04-07 00:00:00+00:00
[2024-04-06T16:57:03.002+0000] {processor.py:183} INFO - Processing /opt/airflow/dags/download_NASA_API_dags.py took 1.062 seconds
[2024-04-06T16:57:33.456+0000] {processor.py:161} INFO - Started process (PID=470) to work on /opt/airflow/dags/download_NASA_API_dags.py
[2024-04-06T16:57:33.458+0000] {processor.py:830} INFO - Processing file /opt/airflow/dags/download_NASA_API_dags.py for tasks to queue
[2024-04-06T16:57:33.459+0000] {logging_mixin.py:188} INFO - [2024-04-06T16:57:33.459+0000] {dagbag.py:540} INFO - Filling up the DagBag from /opt/airflow/dags/download_NASA_API_dags.py
[2024-04-06T16:57:34.391+0000] {processor.py:840} INFO - DAG(s) 'data_processing_dag' retrieved from /opt/airflow/dags/download_NASA_API_dags.py
[2024-04-06T16:57:34.435+0000] {logging_mixin.py:188} INFO - [2024-04-06T16:57:34.434+0000] {dag.py:3047} INFO - Sync 1 DAGs
[2024-04-06T16:57:34.472+0000] {logging_mixin.py:188} INFO - [2024-04-06T16:57:34.471+0000] {dag.py:3834} INFO - Setting next_dagrun for data_processing_dag to 2024-04-06 00:00:00+00:00, run_after=2024-04-07 00:00:00+00:00
[2024-04-06T16:57:34.583+0000] {processor.py:183} INFO - Processing /opt/airflow/dags/download_NASA_API_dags.py took 1.130 seconds
[2024-04-06T16:57:53.565+0000] {processor.py:161} INFO - Started process (PID=473) to work on /opt/airflow/dags/download_NASA_API_dags.py
[2024-04-06T16:57:53.567+0000] {processor.py:830} INFO - Processing file /opt/airflow/dags/download_NASA_API_dags.py for tasks to queue
[2024-04-06T16:57:53.568+0000] {logging_mixin.py:188} INFO - [2024-04-06T16:57:53.568+0000] {dagbag.py:540} INFO - Filling up the DagBag from /opt/airflow/dags/download_NASA_API_dags.py
[2024-04-06T16:57:54.577+0000] {processor.py:840} INFO - DAG(s) 'data_processing_dag' retrieved from /opt/airflow/dags/download_NASA_API_dags.py
[2024-04-06T16:57:54.616+0000] {logging_mixin.py:188} INFO - [2024-04-06T16:57:54.615+0000] {dag.py:3047} INFO - Sync 1 DAGs
[2024-04-06T16:57:54.651+0000] {logging_mixin.py:188} INFO - [2024-04-06T16:57:54.650+0000] {dag.py:3834} INFO - Setting next_dagrun for data_processing_dag to 2024-04-06 00:00:00+00:00, run_after=2024-04-07 00:00:00+00:00
[2024-04-06T16:57:54.756+0000] {processor.py:183} INFO - Processing /opt/airflow/dags/download_NASA_API_dags.py took 1.195 seconds
[2024-04-06T16:58:25.534+0000] {processor.py:161} INFO - Started process (PID=476) to work on /opt/airflow/dags/download_NASA_API_dags.py
[2024-04-06T16:58:25.536+0000] {processor.py:830} INFO - Processing file /opt/airflow/dags/download_NASA_API_dags.py for tasks to queue
[2024-04-06T16:58:25.537+0000] {logging_mixin.py:188} INFO - [2024-04-06T16:58:25.537+0000] {dagbag.py:540} INFO - Filling up the DagBag from /opt/airflow/dags/download_NASA_API_dags.py
[2024-04-06T16:58:26.501+0000] {processor.py:840} INFO - DAG(s) 'data_processing_dag' retrieved from /opt/airflow/dags/download_NASA_API_dags.py
[2024-04-06T16:58:26.547+0000] {logging_mixin.py:188} INFO - [2024-04-06T16:58:26.546+0000] {dag.py:3047} INFO - Sync 1 DAGs
[2024-04-06T16:58:26.581+0000] {logging_mixin.py:188} INFO - [2024-04-06T16:58:26.581+0000] {dag.py:3834} INFO - Setting next_dagrun for data_processing_dag to 2024-04-06 00:00:00+00:00, run_after=2024-04-07 00:00:00+00:00
[2024-04-06T16:58:26.689+0000] {processor.py:183} INFO - Processing /opt/airflow/dags/download_NASA_API_dags.py took 1.158 seconds
[2024-04-06T16:58:57.218+0000] {processor.py:161} INFO - Started process (PID=479) to work on /opt/airflow/dags/download_NASA_API_dags.py
[2024-04-06T16:58:57.220+0000] {processor.py:830} INFO - Processing file /opt/airflow/dags/download_NASA_API_dags.py for tasks to queue
[2024-04-06T16:58:57.222+0000] {logging_mixin.py:188} INFO - [2024-04-06T16:58:57.221+0000] {dagbag.py:540} INFO - Filling up the DagBag from /opt/airflow/dags/download_NASA_API_dags.py
[2024-04-06T16:58:58.100+0000] {processor.py:840} INFO - DAG(s) 'data_processing_dag' retrieved from /opt/airflow/dags/download_NASA_API_dags.py
[2024-04-06T16:58:58.140+0000] {logging_mixin.py:188} INFO - [2024-04-06T16:58:58.140+0000] {dag.py:3047} INFO - Sync 1 DAGs
[2024-04-06T16:58:58.173+0000] {logging_mixin.py:188} INFO - [2024-04-06T16:58:58.173+0000] {dag.py:3834} INFO - Setting next_dagrun for data_processing_dag to 2024-04-06 00:00:00+00:00, run_after=2024-04-07 00:00:00+00:00
[2024-04-06T16:58:58.273+0000] {processor.py:183} INFO - Processing /opt/airflow/dags/download_NASA_API_dags.py took 1.058 seconds
[2024-04-06T17:01:28.542+0000] {processor.py:161} INFO - Started process (PID=498) to work on /opt/airflow/dags/download_NASA_API_dags.py
[2024-04-06T17:01:28.544+0000] {processor.py:830} INFO - Processing file /opt/airflow/dags/download_NASA_API_dags.py for tasks to queue
[2024-04-06T17:01:28.546+0000] {logging_mixin.py:188} INFO - [2024-04-06T17:01:28.545+0000] {dagbag.py:540} INFO - Filling up the DagBag from /opt/airflow/dags/download_NASA_API_dags.py
[2024-04-06T17:01:29.315+0000] {processor.py:840} INFO - DAG(s) 'data_processing_dag' retrieved from /opt/airflow/dags/download_NASA_API_dags.py
[2024-04-06T17:01:29.362+0000] {logging_mixin.py:188} INFO - [2024-04-06T17:01:29.361+0000] {dag.py:3047} INFO - Sync 1 DAGs
[2024-04-06T17:01:29.399+0000] {logging_mixin.py:188} INFO - [2024-04-06T17:01:29.399+0000] {dag.py:3834} INFO - Setting next_dagrun for data_processing_dag to 2024-04-06 00:00:00+00:00, run_after=2024-04-07 00:00:00+00:00
[2024-04-06T17:01:29.494+0000] {processor.py:183} INFO - Processing /opt/airflow/dags/download_NASA_API_dags.py took 0.955 seconds
[2024-04-06T17:01:59.613+0000] {processor.py:161} INFO - Started process (PID=546) to work on /opt/airflow/dags/download_NASA_API_dags.py
[2024-04-06T17:01:59.615+0000] {processor.py:830} INFO - Processing file /opt/airflow/dags/download_NASA_API_dags.py for tasks to queue
[2024-04-06T17:01:59.616+0000] {logging_mixin.py:188} INFO - [2024-04-06T17:01:59.616+0000] {dagbag.py:540} INFO - Filling up the DagBag from /opt/airflow/dags/download_NASA_API_dags.py
[2024-04-06T17:02:00.364+0000] {processor.py:840} INFO - DAG(s) 'data_processing_dag' retrieved from /opt/airflow/dags/download_NASA_API_dags.py
[2024-04-06T17:02:00.409+0000] {logging_mixin.py:188} INFO - [2024-04-06T17:02:00.408+0000] {dag.py:3047} INFO - Sync 1 DAGs
[2024-04-06T17:02:00.447+0000] {logging_mixin.py:188} INFO - [2024-04-06T17:02:00.447+0000] {dag.py:3834} INFO - Setting next_dagrun for data_processing_dag to 2024-04-06 00:00:00+00:00, run_after=2024-04-07 00:00:00+00:00
[2024-04-06T17:02:00.560+0000] {processor.py:183} INFO - Processing /opt/airflow/dags/download_NASA_API_dags.py took 0.951 seconds
[2024-04-06T17:02:30.760+0000] {processor.py:161} INFO - Started process (PID=549) to work on /opt/airflow/dags/download_NASA_API_dags.py
[2024-04-06T17:02:30.762+0000] {processor.py:830} INFO - Processing file /opt/airflow/dags/download_NASA_API_dags.py for tasks to queue
[2024-04-06T17:02:30.764+0000] {logging_mixin.py:188} INFO - [2024-04-06T17:02:30.763+0000] {dagbag.py:540} INFO - Filling up the DagBag from /opt/airflow/dags/download_NASA_API_dags.py
[2024-04-06T17:02:31.451+0000] {processor.py:840} INFO - DAG(s) 'data_processing_dag' retrieved from /opt/airflow/dags/download_NASA_API_dags.py
[2024-04-06T17:02:31.498+0000] {logging_mixin.py:188} INFO - [2024-04-06T17:02:31.497+0000] {dag.py:3047} INFO - Sync 1 DAGs
[2024-04-06T17:02:31.536+0000] {logging_mixin.py:188} INFO - [2024-04-06T17:02:31.535+0000] {dag.py:3834} INFO - Setting next_dagrun for data_processing_dag to 2024-04-06 00:00:00+00:00, run_after=2024-04-07 00:00:00+00:00
[2024-04-06T17:02:31.640+0000] {processor.py:183} INFO - Processing /opt/airflow/dags/download_NASA_API_dags.py took 0.883 seconds
[2024-04-06T17:03:01.726+0000] {processor.py:161} INFO - Started process (PID=552) to work on /opt/airflow/dags/download_NASA_API_dags.py
[2024-04-06T17:03:01.728+0000] {processor.py:830} INFO - Processing file /opt/airflow/dags/download_NASA_API_dags.py for tasks to queue
[2024-04-06T17:03:01.730+0000] {logging_mixin.py:188} INFO - [2024-04-06T17:03:01.729+0000] {dagbag.py:540} INFO - Filling up the DagBag from /opt/airflow/dags/download_NASA_API_dags.py
[2024-04-06T17:03:02.451+0000] {processor.py:840} INFO - DAG(s) 'data_processing_dag' retrieved from /opt/airflow/dags/download_NASA_API_dags.py
[2024-04-06T17:03:02.496+0000] {logging_mixin.py:188} INFO - [2024-04-06T17:03:02.495+0000] {dag.py:3047} INFO - Sync 1 DAGs
[2024-04-06T17:03:02.533+0000] {logging_mixin.py:188} INFO - [2024-04-06T17:03:02.533+0000] {dag.py:3834} INFO - Setting next_dagrun for data_processing_dag to 2024-04-06 00:00:00+00:00, run_after=2024-04-07 00:00:00+00:00
[2024-04-06T17:03:02.647+0000] {processor.py:183} INFO - Processing /opt/airflow/dags/download_NASA_API_dags.py took 0.925 seconds
[2024-04-06T17:03:33.363+0000] {processor.py:161} INFO - Started process (PID=555) to work on /opt/airflow/dags/download_NASA_API_dags.py
[2024-04-06T17:03:33.365+0000] {processor.py:830} INFO - Processing file /opt/airflow/dags/download_NASA_API_dags.py for tasks to queue
[2024-04-06T17:03:33.367+0000] {logging_mixin.py:188} INFO - [2024-04-06T17:03:33.366+0000] {dagbag.py:540} INFO - Filling up the DagBag from /opt/airflow/dags/download_NASA_API_dags.py
[2024-04-06T17:03:34.078+0000] {processor.py:840} INFO - DAG(s) 'data_processing_dag' retrieved from /opt/airflow/dags/download_NASA_API_dags.py
[2024-04-06T17:03:34.126+0000] {logging_mixin.py:188} INFO - [2024-04-06T17:03:34.125+0000] {dag.py:3047} INFO - Sync 1 DAGs
[2024-04-06T17:03:34.160+0000] {logging_mixin.py:188} INFO - [2024-04-06T17:03:34.160+0000] {dag.py:3834} INFO - Setting next_dagrun for data_processing_dag to 2024-04-06 00:00:00+00:00, run_after=2024-04-07 00:00:00+00:00
[2024-04-06T17:03:34.264+0000] {processor.py:183} INFO - Processing /opt/airflow/dags/download_NASA_API_dags.py took 0.905 seconds
[2024-04-06T17:04:04.835+0000] {processor.py:161} INFO - Started process (PID=558) to work on /opt/airflow/dags/download_NASA_API_dags.py
[2024-04-06T17:04:04.837+0000] {processor.py:830} INFO - Processing file /opt/airflow/dags/download_NASA_API_dags.py for tasks to queue
[2024-04-06T17:04:04.839+0000] {logging_mixin.py:188} INFO - [2024-04-06T17:04:04.838+0000] {dagbag.py:540} INFO - Filling up the DagBag from /opt/airflow/dags/download_NASA_API_dags.py
[2024-04-06T17:04:05.505+0000] {processor.py:840} INFO - DAG(s) 'data_processing_dag' retrieved from /opt/airflow/dags/download_NASA_API_dags.py
[2024-04-06T17:04:05.552+0000] {logging_mixin.py:188} INFO - [2024-04-06T17:04:05.552+0000] {dag.py:3047} INFO - Sync 1 DAGs
[2024-04-06T17:04:05.589+0000] {logging_mixin.py:188} INFO - [2024-04-06T17:04:05.589+0000] {dag.py:3834} INFO - Setting next_dagrun for data_processing_dag to 2024-04-06 00:00:00+00:00, run_after=2024-04-07 00:00:00+00:00
[2024-04-06T17:04:05.709+0000] {processor.py:183} INFO - Processing /opt/airflow/dags/download_NASA_API_dags.py took 0.877 seconds
[2024-04-06T17:04:36.173+0000] {processor.py:161} INFO - Started process (PID=561) to work on /opt/airflow/dags/download_NASA_API_dags.py
[2024-04-06T17:04:36.175+0000] {processor.py:830} INFO - Processing file /opt/airflow/dags/download_NASA_API_dags.py for tasks to queue
[2024-04-06T17:04:36.176+0000] {logging_mixin.py:188} INFO - [2024-04-06T17:04:36.175+0000] {dagbag.py:540} INFO - Filling up the DagBag from /opt/airflow/dags/download_NASA_API_dags.py
[2024-04-06T17:04:36.871+0000] {processor.py:840} INFO - DAG(s) 'data_processing_dag' retrieved from /opt/airflow/dags/download_NASA_API_dags.py
[2024-04-06T17:04:36.939+0000] {logging_mixin.py:188} INFO - [2024-04-06T17:04:36.938+0000] {dag.py:3047} INFO - Sync 1 DAGs
[2024-04-06T17:04:36.977+0000] {logging_mixin.py:188} INFO - [2024-04-06T17:04:36.977+0000] {dag.py:3834} INFO - Setting next_dagrun for data_processing_dag to 2024-04-06 00:00:00+00:00, run_after=2024-04-07 00:00:00+00:00
[2024-04-06T17:04:37.086+0000] {processor.py:183} INFO - Processing /opt/airflow/dags/download_NASA_API_dags.py took 0.916 seconds
[2024-04-06T17:04:39.092+0000] {processor.py:161} INFO - Started process (PID=563) to work on /opt/airflow/dags/download_NASA_API_dags.py
[2024-04-06T17:04:39.095+0000] {processor.py:830} INFO - Processing file /opt/airflow/dags/download_NASA_API_dags.py for tasks to queue
[2024-04-06T17:04:39.096+0000] {logging_mixin.py:188} INFO - [2024-04-06T17:04:39.096+0000] {dagbag.py:540} INFO - Filling up the DagBag from /opt/airflow/dags/download_NASA_API_dags.py
[2024-04-06T17:04:39.804+0000] {processor.py:840} INFO - DAG(s) 'data_processing_dag' retrieved from /opt/airflow/dags/download_NASA_API_dags.py
[2024-04-06T17:04:39.849+0000] {logging_mixin.py:188} INFO - [2024-04-06T17:04:39.848+0000] {dag.py:3047} INFO - Sync 1 DAGs
[2024-04-06T17:04:39.888+0000] {logging_mixin.py:188} INFO - [2024-04-06T17:04:39.887+0000] {dag.py:3834} INFO - Setting next_dagrun for data_processing_dag to 2024-04-06 00:00:00+00:00, run_after=2024-04-07 00:00:00+00:00
[2024-04-06T17:04:40.000+0000] {processor.py:183} INFO - Processing /opt/airflow/dags/download_NASA_API_dags.py took 0.913 seconds
[2024-04-06T17:05:10.260+0000] {processor.py:161} INFO - Started process (PID=566) to work on /opt/airflow/dags/download_NASA_API_dags.py
[2024-04-06T17:05:10.262+0000] {processor.py:830} INFO - Processing file /opt/airflow/dags/download_NASA_API_dags.py for tasks to queue
[2024-04-06T17:05:10.263+0000] {logging_mixin.py:188} INFO - [2024-04-06T17:05:10.263+0000] {dagbag.py:540} INFO - Filling up the DagBag from /opt/airflow/dags/download_NASA_API_dags.py
[2024-04-06T17:05:12.205+0000] {processor.py:840} INFO - DAG(s) 'data_processing_dag' retrieved from /opt/airflow/dags/download_NASA_API_dags.py
[2024-04-06T17:05:12.252+0000] {logging_mixin.py:188} INFO - [2024-04-06T17:05:12.251+0000] {dag.py:3047} INFO - Sync 1 DAGs
[2024-04-06T17:05:12.286+0000] {logging_mixin.py:188} INFO - [2024-04-06T17:05:12.286+0000] {dag.py:3834} INFO - Setting next_dagrun for data_processing_dag to 2024-04-06 00:00:00+00:00, run_after=2024-04-07 00:00:00+00:00
[2024-04-06T17:05:12.391+0000] {processor.py:183} INFO - Processing /opt/airflow/dags/download_NASA_API_dags.py took 2.141 seconds
