[2024-04-06T17:01:40.852+0000] {taskinstance.py:1979} INFO - Dependencies all met for dep_context=non-requeueable deps ti=<TaskInstance: data_processing_dag.combine_data manual__2024-04-06T16:59:20.220565+00:00 [queued]>
[2024-04-06T17:01:40.879+0000] {taskinstance.py:1979} INFO - Dependencies all met for dep_context=requeueable deps ti=<TaskInstance: data_processing_dag.combine_data manual__2024-04-06T16:59:20.220565+00:00 [queued]>
[2024-04-06T17:01:40.880+0000] {taskinstance.py:2193} INFO - Starting attempt 1 of 2
[2024-04-06T17:01:40.942+0000] {taskinstance.py:2217} INFO - Executing <Task(PythonOperator): combine_data> on 2024-04-06 16:59:20.220565+00:00
[2024-04-06T17:01:40.948+0000] {standard_task_runner.py:60} INFO - Started process 530 to run task
[2024-04-06T17:01:40.951+0000] {standard_task_runner.py:87} INFO - Running: ['airflow', 'tasks', 'run', 'data_processing_dag', 'combine_data', 'manual__2024-04-06T16:59:20.220565+00:00', '--job-id', '38', '--raw', '--subdir', 'DAGS_FOLDER/download_NASA_API_dags.py', '--cfg-path', '/tmp/tmpny4hiavr']
[2024-04-06T17:01:40.953+0000] {standard_task_runner.py:88} INFO - Job 38: Subtask combine_data
[2024-04-06T17:01:41.087+0000] {task_command.py:423} INFO - Running <TaskInstance: data_processing_dag.combine_data manual__2024-04-06T16:59:20.220565+00:00 [running]> on host 29c65f98c54a
[2024-04-06T17:01:41.284+0000] {taskinstance.py:2513} INFO - Exporting env vars: AIRFLOW_CTX_DAG_OWNER='airflow' AIRFLOW_CTX_DAG_ID='data_processing_dag' AIRFLOW_CTX_TASK_ID='combine_data' AIRFLOW_CTX_EXECUTION_DATE='2024-04-06T16:59:20.220565+00:00' AIRFLOW_CTX_TRY_NUMBER='1' AIRFLOW_CTX_DAG_RUN_ID='manual__2024-04-06T16:59:20.220565+00:00'
[2024-04-06T17:01:41.637+0000] {python.py:202} INFO - Done. Returned value was:          Estado_Nom Estado_ID  YEAR  ...  PRECTOTCORR  SG_DAY_HOURS  MIDDAY_INSOL
0    Aguascalientes    MX-ZAC  2024  ...          0.0        -999.0        -999.0
1    Aguascalientes    MX-ZAC  2024  ...          0.0        -999.0        -999.0
2    Aguascalientes    MX-ZAC  2024  ...          0.0        -999.0        -999.0
3    Aguascalientes    MX-ZAC  2024  ...          0.0        -999.0        -999.0
4    Aguascalientes    MX-ZAC  2024  ...          0.0        -999.0        -999.0
..              ...       ...   ...  ...          ...           ...           ...
251       Zacatecas    MX-AGU  2024  ...          0.0        -999.0        -999.0
252       Zacatecas    MX-AGU  2024  ...          0.0        -999.0        -999.0
253       Zacatecas    MX-AGU  2024  ...          0.0        -999.0        -999.0
254       Zacatecas    MX-AGU  2024  ...       -999.0        -999.0        -999.0
255       Zacatecas    MX-AGU  2024  ...       -999.0        -999.0        -999.0

[256 rows x 22 columns]
[2024-04-06T17:01:41.823+0000] {taskinstance.py:1149} INFO - Marking task as SUCCESS. dag_id=data_processing_dag, task_id=combine_data, execution_date=20240406T165920, start_date=20240406T170140, end_date=20240406T170141
[2024-04-06T17:01:41.889+0000] {local_task_job_runner.py:234} INFO - Task exited with return code 0
[2024-04-06T17:01:41.944+0000] {taskinstance.py:3312} INFO - 1 downstream tasks scheduled from follow-on schedule check
